0 info it worked if it ends with ok
1 verbose cli [ 'C:\\Program Files\\nodejs\\node.exe',
1 verbose cli   'C:\\Program Files\\nodejs\\node_modules\\npm\\bin\\npm-cli.js',
1 verbose cli   'start' ]
2 info using npm@3.8.6
3 info using node@v6.1.0
4 verbose run-script [ 'prestart', 'start', 'poststart' ]
5 info lifecycle 05-express-first-app@0.0.0~prestart: 05-express-first-app@0.0.0
6 silly lifecycle 05-express-first-app@0.0.0~prestart: no script for prestart, continuing
7 info lifecycle 05-express-first-app@0.0.0~start: 05-express-first-app@0.0.0
8 verbose lifecycle 05-express-first-app@0.0.0~start: unsafe-perm in lifecycle true
9 verbose lifecycle 05-express-first-app@0.0.0~start: PATH: C:\Program Files\nodejs\node_modules\npm\bin\node-gyp-bin;G:\Project and presentations\AgroAssist\Server side\server node\node_modules\.bin;C:\Program Files\nodejs;C:\ProgramData\Oracle\Java\javapath;C:\Python27\;C:\Python27\Scripts;C:\WINDOWS\system32;C:\WINDOWS;C:\WINDOWS\System32\Wbem;C:\WINDOWS\System32\WindowsPowerShell\v1.0\;C:\Program Files (x86)\NVIDIA Corporation\PhysX\Common;C:\Program Files\nodejs\;C:\Program Files\MicroStrategy\MicroStrategy Desktop\DataServices\170_51\64-bit\bin\server;C:\WINDOWS\system32;C:\WINDOWS;C:\WINDOWS\System32\Wbem;C:\WINDOWS\System32\WindowsPowerShell\v1.0\;C:\xampp\php;%USERPROFILE%\.dnx\bin;C:\Program Files\Microsoft DNX\Dnvm\;C:\Program Files\Microsoft SQL Server\120\DTS\Binn\;C:\Program Files\Microsoft SQL Server\Client SDK\ODBC\110\Tools\Binn\;C:\Program Files (x86)\Microsoft SQL Server\120\Tools\Binn\;C:\Program Files\Microsoft SQL Server\120\Tools\Binn\;C:\Program Files (x86)\Microsoft SQL Server\120\Tools\Binn\ManagementStudio\;C:\Program Files (x86)\Microsoft SQL Server\120\DTS\Binn\;C:\Program Files (x86)\ImageConverter Plus;C:\Program Files\apache-ant-1.9.7\bin;C:\Program Files (x86)\Brackets\command;C:\Program Files\MongoDB\Server\3.4\bin;C:\Program Files (x86)\GtkSharp\2.12\bin;c:\Program Files (x86)\QuickTime\QTSystem\;C:\Program Files\Java\jdk1.8.0_121\bin\;C:\Users\PradeepB\Anaconda2;C:\Users\PradeepB\Anaconda2\Scripts;C:\Users\PradeepB\Anaconda2\Library\bin;C:\RailsInstaller\Git\cmd;C:\RailsInstaller\Ruby2.2.0\bin;C:\Users\PradeepB\AppData\Roaming\Python\Scripts;C:\Users\PradeepB\AppData\Roaming\npm;C:\phantomjs-2.1.1-windows\bin;C:\Users\PradeepB\AppData\Local\atom\bin;C:\Users\PradeepB\AppData\Local\Microsoft\WindowsApps;C:\Program Files (x86)\Nmap;C:\CMake\bin
10 verbose lifecycle 05-express-first-app@0.0.0~start: CWD: G:\Project and presentations\AgroAssist\Server side\server node
11 silly lifecycle 05-express-first-app@0.0.0~start: Args: [ '/d /s /c', 'node ./bin/www' ]
12 silly lifecycle 05-express-first-app@0.0.0~start: Returned: code: 1  signal: null
13 info lifecycle 05-express-first-app@0.0.0~start: Failed to exec start script
14 verbose stack Error: 05-express-first-app@0.0.0 start: `node ./bin/www`
14 verbose stack Exit status 1
14 verbose stack     at EventEmitter.<anonymous> (C:\Program Files\nodejs\node_modules\npm\lib\utils\lifecycle.js:239:16)
14 verbose stack     at emitTwo (events.js:106:13)
14 verbose stack     at EventEmitter.emit (events.js:191:7)
14 verbose stack     at ChildProcess.<anonymous> (C:\Program Files\nodejs\node_modules\npm\lib\utils\spawn.js:24:14)
14 verbose stack     at emitTwo (events.js:106:13)
14 verbose stack     at ChildProcess.emit (events.js:191:7)
14 verbose stack     at maybeClose (internal/child_process.js:850:16)
14 verbose stack     at Process.ChildProcess._handle.onexit (internal/child_process.js:215:5)
15 verbose pkgid 05-express-first-app@0.0.0
16 verbose cwd G:\Project and presentations\AgroAssist\Server side\server node
17 error Windows_NT 10.0.14393
18 error argv "C:\\Program Files\\nodejs\\node.exe" "C:\\Program Files\\nodejs\\node_modules\\npm\\bin\\npm-cli.js" "start"
19 error node v6.1.0
20 error npm  v3.8.6
21 error code ELIFECYCLE
22 error 05-express-first-app@0.0.0 start: `node ./bin/www`
22 error Exit status 1
23 error Failed at the 05-express-first-app@0.0.0 start script 'node ./bin/www'.
23 error Make sure you have the latest version of node.js and npm installed.
23 error If you do, this is most likely a problem with the 05-express-first-app package,
23 error not with npm itself.
23 error Tell the author that this fails on your system:
23 error     node ./bin/www
23 error You can get information on how to open an issue for this project with:
23 error     npm bugs 05-express-first-app
23 error Or if that isn't available, you can get their info via:
23 error     npm owner ls 05-express-first-app
23 error There is likely additional logging output above.
24 verbose exit [ 1, true ]
